<?xml version="1.0" encoding="UTF-8"?>
<!-- Generated by org.testng.reporters.JUnitXMLReporter -->
<testsuite hostname="LAPTOP-CIE19F86" ignored="0" name="SmokeTestcase" tests="3" failures="0" timestamp="10 Jan 2017 15:26:31 GMT" time="0.034" errors="0">
  <testcase name="instalSoftware" time="0.008" classname="testngFiles.Annotation2"/>
  <testcase name="AopeningBrowser" time="0.001" classname="testngFiles.Annotation"/>
  <testcase name="FlightBooking" time="0.001" classname="testngFiles.Annotation"/>
</testsuite> <!-- SmokeTestcase -->
